[ID:111] 18/02/2026 17:14:04   - Você transferiu R$ 50,00 para Cliente Pedro CPF: 144.444.444-44. Saldo atual: R$ 1599,50
[ID:555] 18/02/2026 17:14:04   + Você recebeu R$ 50,00 de Cliente Camsung CPF: 123.233.233-23. Saldo atual: R$ 21660,50
[ID:555] 19/02/2026 10:33:15   - Você transferiu R$ 11000,00 para Cliente Camsung CPF: 123.233.233-23. Saldo atual: R$ 10660,50
[ID:111] 19/02/2026 10:33:15   + Você recebeu R$ 11000,00 de Cliente Pedro CPF: 144.444.444-44. Saldo atual: R$ 12599,50
[ID:555] 19/02/2026 10:38:19   - Você transferiu R$ 5000,00 para Cliente Camsung CPF: 123.233.233-23. Saldo atual: R$ 5660,50
[ID:111] 19/02/2026 10:38:19   + Você recebeu R$ 5000,00 de Cliente Pedro CPF: 144.444.444-44. Saldo atual: R$ 17599,50
[ID:555] 19/02/2026 11:27:12   - Você depositou R$ 660,00. Saldo atual: R$ 5000,50
[ID:555] 19/02/2026 11:27:23   - Você transferiu R$ 10,50 para Cliente Camsung CPF: 123.233.233-23. Saldo atual: R$ 4990,00
[ID:111] 19/02/2026 11:27:23   + Você recebeu R$ 10,50 de Cliente Pedro CPF: 144.444.444-44. Saldo atual: R$ 17610,00
[ID:555] 19/02/2026 12:31:58   + Você depositou R$ 2000,00. Saldo atual: R$ 6990,00
[ID:555] 19/02/2026 12:32:13   - Você transferiu R$ 2000,00 para Cliente Camsung CPF: 123.233.233-23. Saldo atual: R$ 4990,00
[ID:111] 19/02/2026 12:32:13   + Você recebeu R$ 2000,00 de Cliente Pedro CPF: 144.444.444-44. Saldo atual: R$ 19610,00
[ID:555] 19/02/2026 12:32:28   - Você transferiu R$ 990,00 para Cliente test1 CPF: . Saldo atual: R$ 4000,00
[ID:10] 19/02/2026 12:32:28   + Você recebeu R$ 990,00 de Cliente Pedro CPF: 144.444.444-44. Saldo atual: R$ 23302,00
[ID:555] 19/02/2026 13:09:24   - Você depositou R$ 1,00. Saldo atual: R$ 3999,00
[ID:555] 20/02/2026 10:43:53   - Você depositou R$ 1000,00. Saldo atual: R$ 3000,00
[ID:555] 20/02/2026 12:09:27   + Você depositou R$ 1000,00. Saldo atual: R$ 5000,00
[ID:555] 20/02/2026 13:55:33   - Você transferiu R$ 1,00 para Cliente Ze da Couve CPF: 000.111.222-32. Saldo atual: R$ 3999,00
[ID:444] 20/02/2026 13:55:33   + Você recebeu R$ 1,00 de Cliente Pedro CPF: 144.444.444-44. Saldo atual: R$ 10524,00
[ID:666] 20/02/2026 13:56:52   - Você transferiu R$ 4734,00 para Cliente Pedro CPF: 144.444.444-44. Saldo atual: R$ 0,00
[ID:555] 20/02/2026 13:56:52   + Você recebeu R$ 4734,00 de Cliente Windonson Samsung CPF: 111.222.333-44. Saldo atual: R$ 8733,00
[20/02/2026 13:58:15   + Você depositou R$ 1000,00. Saldo atual: R$ 1000,00
[20/02/2026 13:58:21   - Você transferiu R$ 10,00 para Cliente test1 CPF: . Saldo atual: R$ 990,00
[20/02/2026 13:58:21   + Você recebeu R$ 10,00 de Cliente Windonson Samsung CPF: 111.222.333-44. Saldo atual: R$ 23312,00
[20/02/2026 13:58:54   - Você transferiu R$ 10,00 para Cliente Pedro CPF: 144.444.444-44. Saldo atual: R$ 980,00
[20/02/2026 13:58:54   + Você recebeu R$ 10,00 de Cliente Windonson Samsung CPF: 111.222.333-44. Saldo atual: R$ 8743,00
[ID:666] 20/02/2026 13:59:30   - Você transferiu R$ 10,00 para Cliente Pedro CPF: 144.444.444-44. Saldo atual: R$ 970,00
[ID:555] 20/02/2026 13:59:31   + Você recebeu R$ 10,00 de Cliente Windonson Samsung CPF: 111.222.333-44. Saldo atual: R$ 8753,00
